{"/Users/fiona.phillips/Documents/internal-projects/CVGenerator-frontend/src/pages/Selector/container.jsx": {"path":"/Users/fiona.phillips/Documents/internal-projects/CVGenerator-frontend/src/pages/Selector/container.jsx","statementMap":{"0":{"start":{"line":3,"column":26},"end":{"line":8,"column":3}},"1":{"start":{"line":4,"column":2},"end":{"line":8,"column":3}},"2":{"start":{"line":6,"column":6},"end":{"line":6,"column":25}}},"fnMap":{"0":{"name":"(anonymous_0)","decl":{"start":{"line":3,"column":26},"end":{"line":3,"column":27}},"loc":{"start":{"line":4,"column":2},"end":{"line":8,"column":3}},"line":4},"1":{"name":"(anonymous_1)","decl":{"start":{"line":5,"column":4},"end":{"line":5,"column":5}},"loc":{"start":{"line":5,"column":13},"end":{"line":7,"column":5}},"line":5}},"branchMap":{},"s":{"0":1,"1":1,"2":1},"f":{"0":1,"1":1},"b":{},"_coverageSchema":"43e27e138ebf9cfc5966b082cf9a028302ed4184","hash":"98d8f306b030375fa705546819f541f6cdc6d504"}
,"/Users/fiona.phillips/Documents/internal-projects/CVGenerator-frontend/src/pages/Selector/index.jsx": {"path":"/Users/fiona.phillips/Documents/internal-projects/CVGenerator-frontend/src/pages/Selector/index.jsx","statementMap":{"0":{"start":{"line":4,"column":17},"end":{"line":6,"column":1}},"1":{"start":{"line":5,"column":2},"end":{"line":5,"column":33}}},"fnMap":{"0":{"name":"(anonymous_0)","decl":{"start":{"line":4,"column":17},"end":{"line":4,"column":18}},"loc":{"start":{"line":4,"column":23},"end":{"line":6,"column":1}},"line":4}},"branchMap":{},"s":{"0":1,"1":1},"f":{"0":1},"b":{},"_coverageSchema":"43e27e138ebf9cfc5966b082cf9a028302ed4184","hash":"73e91ff0bcab73463ecb209fde66b0b0d3e88667"}
}
